<?xml version="1.0" encoding="UTF-8"?>
<testng-results ignored="0" total="1" passed="1" failed="0" skipped="0">
  <reporter-output>
  </reporter-output>
  <suite started-at="2022-08-03T20:22:55 IST" name="API Automation" finished-at="2022-08-03T20:22:57 IST" duration-ms="1909">
    <groups>
    </groups>
    <test started-at="2022-08-03T20:22:55 IST" name="user login" finished-at="2022-08-03T20:22:57 IST" duration-ms="1909">
      <class name="UserTest">
        <test-method signature="getUser()[pri:0, instance:UserTest@50b0bc4c]" started-at="2022-08-03T20:22:55 IST" name="getUser" finished-at="2022-08-03T20:22:56 IST" duration-ms="1850" status="PASS">
          <reporter-output>
          </reporter-output>
        </test-method> <!-- getUser -->
      </class> <!-- UserTest -->
    </test> <!-- user login -->
  </suite> <!-- API Automation -->
</testng-results>
